2022-12-19 14:02:30.182 [main] INFO 
                com.chen.eduservice.EduApplication - Starting EduApplication on Chen with PID 5064 (D:\work\guli_parent\service\service_edu\target\classes started by Chen in D:\work\guli_parent)
2022-12-19 14:02:30.187 [main] INFO 
                com.chen.eduservice.EduApplication - The following profiles are active: dev
2022-12-19 14:02:31.007 [main] INFO 
                o.s.d.r.config.RepositoryConfigurationDelegate - Multiple Spring Data modules found, entering strict repository configuration mode!
2022-12-19 14:02:31.007 [main] INFO 
                o.s.d.r.config.RepositoryConfigurationDelegate - Bootstrapping Spring Data repositories in DEFAULT mode.
2022-12-19 14:02:31.022 [main] INFO 
                o.s.d.r.config.RepositoryConfigurationDelegate - Finished Spring Data repository scanning in 8ms. Found 0 repository interfaces.
2022-12-19 14:02:31.272 [main] INFO 
                o.s.c.s.PostProcessorRegistrationDelegate$BeanPostProcessorChecker - Bean 'org.springframework.transaction.annotation.ProxyTransactionManagementConfiguration' of type [org.springframework.transaction.annotation.ProxyTransactionManagementConfiguration] is not eligible for getting processed by all BeanPostProcessors (for example: not eligible for auto-proxying)
2022-12-19 14:02:31.472 [main] INFO 
                o.s.boot.web.embedded.tomcat.TomcatWebServer - Tomcat initialized with port(s): 8001 (http)
2022-12-19 14:02:31.482 [main] INFO 
                org.apache.coyote.http11.Http11NioProtocol - Initializing ProtocolHandler ["http-nio-8001"]
2022-12-19 14:02:31.482 [main] INFO 
                org.apache.catalina.core.StandardService - Starting service [Tomcat]
2022-12-19 14:02:31.482 [main] INFO 
                org.apache.catalina.core.StandardEngine - Starting Servlet engine: [Apache Tomcat/9.0.27]
2022-12-19 14:02:31.482 [main] INFO 
                org.apache.catalina.core.AprLifecycleListener - Loaded APR based Apache Tomcat Native library [1.2.24] using APR version [1.7.0].
2022-12-19 14:02:31.482 [main] INFO 
                org.apache.catalina.core.AprLifecycleListener - APR capabilities: IPv6 [true], sendfile [true], accept filters [false], random [true].
2022-12-19 14:02:31.482 [main] INFO 
                org.apache.catalina.core.AprLifecycleListener - APR/OpenSSL configuration: useAprConnector [false], useOpenSSL [true]
2022-12-19 14:02:31.482 [main] INFO 
                org.apache.catalina.core.AprLifecycleListener - OpenSSL successfully initialized [OpenSSL 1.1.1g  21 Apr 2020]
2022-12-19 14:02:31.602 [main] INFO 
                o.a.c.core.ContainerBase.[Tomcat].[localhost].[/] - Initializing Spring embedded WebApplicationContext
2022-12-19 14:02:31.602 [main] INFO 
                org.springframework.web.context.ContextLoader - Root WebApplicationContext: initialization completed in 1365 ms
2022-12-19 14:02:31.762 [main] INFO 
                com.zaxxer.hikari.HikariDataSource - HikariPool-1 - Starting...
2022-12-19 14:02:31.902 [main] INFO 
                com.zaxxer.hikari.HikariDataSource - HikariPool-1 - Start completed.
2022-12-19 14:02:32.292 [main] INFO 
                s.d.s.w.PropertySourcedRequestMappingHandlerMapping - Mapped URL path [/v2/api-docs] onto method [springfox.documentation.swagger2.web.Swagger2Controller#getDocumentation(String, HttpServletRequest)]
2022-12-19 14:02:32.382 [main] INFO 
                o.s.scheduling.concurrent.ThreadPoolTaskExecutor - Initializing ExecutorService 'applicationTaskExecutor'
2022-12-19 14:02:32.782 [main] INFO 
                s.d.s.web.plugins.DocumentationPluginsBootstrapper - Context refreshed
2022-12-19 14:02:32.792 [main] INFO 
                s.d.s.web.plugins.DocumentationPluginsBootstrapper - Found 1 custom documentation plugin(s)
2022-12-19 14:02:32.822 [main] INFO 
                s.d.spring.web.scanners.ApiListingReferenceScanner - Scanning for api listing references
2022-12-19 14:02:33.002 [main] INFO 
                org.apache.coyote.http11.Http11NioProtocol - Starting ProtocolHandler ["http-nio-8001"]
2022-12-19 14:02:33.012 [main] INFO 
                o.s.boot.web.embedded.tomcat.TomcatWebServer - Tomcat started on port(s): 8001 (http) with context path ''
2022-12-19 14:02:33.022 [main] INFO 
                com.chen.eduservice.EduApplication - Started EduApplication in 3.539 seconds (JVM running for 5.293)
